Start testing: Apr 20 18:37 EDT
----------------------------------------------------------
1/1 Testing: all_unit_tests
1/1 Test: all_unit_tests
Command: "/Users/gannonstoner/efficient-event-processing/build/unit_tests"
Directory: /Users/gannonstoner/efficient-event-processing/build
"all_unit_tests" start time: Apr 20 18:37 EDT
Output:
----------------------------------------------------------
Randomness seeded to: 968325965
===============================================================================
All tests passed (4 assertions in 2 test cases)

<end of output>
Test time =   0.06 sec
----------------------------------------------------------
Test Passed.
"all_unit_tests" end time: Apr 20 18:37 EDT
"all_unit_tests" time elapsed: 00:00:00
----------------------------------------------------------

End testing: Apr 20 18:37 EDT
